<<<<<<< HEAD
This is pdfTeX, Version 3.141592653-2.6-1.40.25 (MiKTeX 24.1) (preloaded format=pdflatex 2025.9.21)  11 NOV 2025 19:18
=======
This is pdfTeX, Version 3.141592653-2.6-1.40.25 (MiKTeX 24.1) (preloaded format=pdflatex 2025.11.11)  11 NOV 2025 14:53
>>>>>>> a2954fc6b3abb5ae74b3a6991b86ce8aa089a5f3
entering extended mode
 restricted \write18 enabled.
 file:line:error style messages enabled.
 %&-line parsing enabled.
<<<<<<< HEAD
**c:/Users/Games/Documents/Codigos/Python/WEB/Practica5_Web/Practica5_WEB-1/Latex/Practica.tex
(c:/Users/Games/Documents/Codigos/Python/WEB/Practica5_Web/Practica5_WEB-1/Latex/Practica.tex
LaTeX2e <2023-11-01> patch level 1
L3 programming layer <2024-01-04>
(C:\Users\Games\AppData\Local\Programs\MiKTeX\tex/latex/base\article.cls
Document Class: article 2023/05/17 v1.4n Standard LaTeX document class
(C:\Users\Games\AppData\Local\Programs\MiKTeX\tex/latex/base\size12.clo
=======
**"c:/Programas instalados/VS Code/Web/Practica5_web/Practica5_WEB/Latex/Practica.tex"
(c:/Programas instalados/VS Code/Web/Practica5_web/Practica5_WEB/Latex/Practica.tex
LaTeX2e <2023-11-01> patch level 1
L3 programming layer <2024-01-04>
(C:\Users\abadr\AppData\Local\Programs\MiKTeX\tex/latex/base\article.cls
Document Class: article 2023/05/17 v1.4n Standard LaTeX document class
(C:\Users\abadr\AppData\Local\Programs\MiKTeX\tex/latex/base\size12.clo
>>>>>>> a2954fc6b3abb5ae74b3a6991b86ce8aa089a5f3
File: size12.clo 2023/05/17 v1.4n Standard LaTeX file (size option)
)
\c@part=\count187
\c@section=\count188
\c@subsection=\count189
\c@subsubsection=\count190
\c@paragraph=\count191
\c@subparagraph=\count192
\c@figure=\count193
\c@table=\count194
\abovecaptionskip=\skip48
\belowcaptionskip=\skip49
\bibindent=\dimen140
<<<<<<< HEAD
) (C:\Users\Games\AppData\Local\Programs\MiKTeX\tex/latex/graphics\graphicx.sty
Package: graphicx 2021/09/16 v1.2d Enhanced LaTeX Graphics (DPC,SPQR)
 (C:\Users\Games\AppData\Local\Programs\MiKTeX\tex/latex/graphics\keyval.sty
Package: keyval 2022/05/29 v1.15 key=value parser (DPC)
\KV@toks@=\toks17
) (C:\Users\Games\AppData\Local\Programs\MiKTeX\tex/latex/graphics\graphics.sty
Package: graphics 2022/03/10 v1.4e Standard LaTeX Graphics (DPC,SPQR)
 (C:\Users\Games\AppData\Local\Programs\MiKTeX\tex/latex/graphics\trig.sty
Package: trig 2021/08/11 v1.11 sin cos tan (DPC)
) (C:\Users\Games\AppData\Local\Programs\MiKTeX\tex/latex/graphics-cfg\graphics.cfg
File: graphics.cfg 2016/06/04 v1.11 sample graphics configuration
)
Package graphics Info: Driver file: pdftex.def on input line 107.
 (C:\Users\Games\AppData\Local\Programs\MiKTeX\tex/latex/graphics-def\pdftex.def
=======
) (C:\Users\abadr\AppData\Local\Programs\MiKTeX\tex/latex/graphics\graphicx.sty
Package: graphicx 2021/09/16 v1.2d Enhanced LaTeX Graphics (DPC,SPQR)
 (C:\Users\abadr\AppData\Local\Programs\MiKTeX\tex/latex/graphics\keyval.sty
Package: keyval 2022/05/29 v1.15 key=value parser (DPC)
\KV@toks@=\toks17
) (C:\Users\abadr\AppData\Local\Programs\MiKTeX\tex/latex/graphics\graphics.sty
Package: graphics 2022/03/10 v1.4e Standard LaTeX Graphics (DPC,SPQR)
 (C:\Users\abadr\AppData\Local\Programs\MiKTeX\tex/latex/graphics\trig.sty
Package: trig 2021/08/11 v1.11 sin cos tan (DPC)
) (C:\Users\abadr\AppData\Local\Programs\MiKTeX\tex/latex/graphics-cfg\graphics.cfg
File: graphics.cfg 2016/06/04 v1.11 sample graphics configuration
)
Package graphics Info: Driver file: pdftex.def on input line 107.
 (C:\Users\abadr\AppData\Local\Programs\MiKTeX\tex/latex/graphics-def\pdftex.def
>>>>>>> a2954fc6b3abb5ae74b3a6991b86ce8aa089a5f3
File: pdftex.def 2022/09/22 v1.2b Graphics/color driver for pdftex
))
\Gin@req@height=\dimen141
\Gin@req@width=\dimen142
<<<<<<< HEAD
) (C:\Users\Games\AppData\Local\Programs\MiKTeX\tex/generic/babel\babel.sty
=======
) (C:\Users\abadr\AppData\Local\Programs\MiKTeX\tex/generic/babel\babel.sty
>>>>>>> a2954fc6b3abb5ae74b3a6991b86ce8aa089a5f3
Package: babel 2024/01/07 v24.1 The Babel package
\babel@savecnt=\count195
\U@D=\dimen143
\l@unhyphenated=\language79
<<<<<<< HEAD
 (C:\Users\Games\AppData\Local\Programs\MiKTeX\tex/generic/babel\txtbabel.def)
=======
 (C:\Users\abadr\AppData\Local\Programs\MiKTeX\tex/generic/babel\txtbabel.def)
>>>>>>> a2954fc6b3abb5ae74b3a6991b86ce8aa089a5f3
\bbl@readstream=\read2
\bbl@dirlevel=\count196

*************************************
* Local config file bblopts.cfg used
*
<<<<<<< HEAD
(C:\Users\Games\AppData\Local\Programs\MiKTeX\tex/latex/arabi\bblopts.cfg
File: bblopts.cfg 2005/09/08 v0.1 add Arabic and Farsi to "declared" options of babel
) (C:\Users\Games\AppData\Local\Programs\MiKTeX\tex/latex/babel-spanish\spanish.ldf
=======
(C:\Users\abadr\AppData\Local\Programs\MiKTeX\tex/latex/arabi\bblopts.cfg
File: bblopts.cfg 2005/09/08 v0.1 add Arabic and Farsi to "declared" options of babel
) (C:\Users\abadr\AppData\Local\Programs\MiKTeX\tex/latex/babel-spanish\spanish.ldf
>>>>>>> a2954fc6b3abb5ae74b3a6991b86ce8aa089a5f3
Language: spanish.ldf 2021/05/27 v5.0q Spanish support from the babel system
\es@quottoks=\toks18
\es@quotdepth=\count197
Package babel Info: Making " an active character on input line 570.
Package babel Info: Making . an active character on input line 675.
Package babel Info: Making < an active character on input line 722.
Package babel Info: Making > an active character on input line 722.
<<<<<<< HEAD
)) (C:\Users\Games\AppData\Local\Programs\MiKTeX\tex/generic/babel/locale/es\babel-spanish.tex
Package babel Info: Importing font and identification data for spanish
(babel)             from babel-es.ini. Reported on input line 11.
) (C:\Users\Games\AppData\Local\Programs\MiKTeX\tex/latex/lm\lmodern.sty
=======
)) (C:\Users\abadr\AppData\Local\Programs\MiKTeX\tex/generic/babel/locale/es\babel-spanish.tex
Package babel Info: Importing font and identification data for spanish
(babel)             from babel-es.ini. Reported on input line 11.
) (C:\Users\abadr\AppData\Local\Programs\MiKTeX\tex/latex/lm\lmodern.sty
>>>>>>> a2954fc6b3abb5ae74b3a6991b86ce8aa089a5f3
Package: lmodern 2015/05/01 v1.6.1 Latin Modern Fonts
LaTeX Font Info:    Overwriting symbol font `operators' in version `normal'
(Font)                  OT1/cmr/m/n --> OT1/lmr/m/n on input line 22.
LaTeX Font Info:    Overwriting symbol font `letters' in version `normal'
(Font)                  OML/cmm/m/it --> OML/lmm/m/it on input line 23.
LaTeX Font Info:    Overwriting symbol font `symbols' in version `normal'
(Font)                  OMS/cmsy/m/n --> OMS/lmsy/m/n on input line 24.
LaTeX Font Info:    Overwriting symbol font `largesymbols' in version `normal'
(Font)                  OMX/cmex/m/n --> OMX/lmex/m/n on input line 25.
LaTeX Font Info:    Overwriting symbol font `operators' in version `bold'
(Font)                  OT1/cmr/bx/n --> OT1/lmr/bx/n on input line 26.
LaTeX Font Info:    Overwriting symbol font `letters' in version `bold'
(Font)                  OML/cmm/b/it --> OML/lmm/b/it on input line 27.
LaTeX Font Info:    Overwriting symbol font `symbols' in version `bold'
(Font)                  OMS/cmsy/b/n --> OMS/lmsy/b/n on input line 28.
LaTeX Font Info:    Overwriting symbol font `largesymbols' in version `bold'
(Font)                  OMX/cmex/m/n --> OMX/lmex/m/n on input line 29.
LaTeX Font Info:    Overwriting math alphabet `\mathbf' in version `normal'
(Font)                  OT1/cmr/bx/n --> OT1/lmr/bx/n on input line 31.
LaTeX Font Info:    Overwriting math alphabet `\mathsf' in version `normal'
(Font)                  OT1/cmss/m/n --> OT1/lmss/m/n on input line 32.
LaTeX Font Info:    Overwriting math alphabet `\mathit' in version `normal'
(Font)                  OT1/cmr/m/it --> OT1/lmr/m/it on input line 33.
LaTeX Font Info:    Overwriting math alphabet `\mathtt' in version `normal'
(Font)                  OT1/cmtt/m/n --> OT1/lmtt/m/n on input line 34.
LaTeX Font Info:    Overwriting math alphabet `\mathbf' in version `bold'
(Font)                  OT1/cmr/bx/n --> OT1/lmr/bx/n on input line 35.
LaTeX Font Info:    Overwriting math alphabet `\mathsf' in version `bold'
(Font)                  OT1/cmss/bx/n --> OT1/lmss/bx/n on input line 36.
LaTeX Font Info:    Overwriting math alphabet `\mathit' in version `bold'
(Font)                  OT1/cmr/bx/it --> OT1/lmr/bx/it on input line 37.
LaTeX Font Info:    Overwriting math alphabet `\mathtt' in version `bold'
(Font)                  OT1/cmtt/m/n --> OT1/lmtt/m/n on input line 38.
<<<<<<< HEAD
) (C:\Users\Games\AppData\Local\Programs\MiKTeX\tex/latex/geometry\geometry.sty
Package: geometry 2020/01/02 v5.9 Page Geometry
 (C:\Users\Games\AppData\Local\Programs\MiKTeX\tex/generic/iftex\ifvtex.sty
Package: ifvtex 2019/10/25 v1.7 ifvtex legacy package. Use iftex instead.
 (C:\Users\Games\AppData\Local\Programs\MiKTeX\tex/generic/iftex\iftex.sty
=======
) (C:\Users\abadr\AppData\Local\Programs\MiKTeX\tex/latex/geometry\geometry.sty
Package: geometry 2020/01/02 v5.9 Page Geometry
 (C:\Users\abadr\AppData\Local\Programs\MiKTeX\tex/generic/iftex\ifvtex.sty
Package: ifvtex 2019/10/25 v1.7 ifvtex legacy package. Use iftex instead.
 (C:\Users\abadr\AppData\Local\Programs\MiKTeX\tex/generic/iftex\iftex.sty
>>>>>>> a2954fc6b3abb5ae74b3a6991b86ce8aa089a5f3
Package: iftex 2022/02/03 v1.0f TeX engine tests
))
\Gm@cnth=\count198
\Gm@cntv=\count199
\c@Gm@tempcnt=\count266
\Gm@bindingoffset=\dimen144
\Gm@wd@mp=\dimen145
\Gm@odd@mp=\dimen146
\Gm@even@mp=\dimen147
\Gm@layoutwidth=\dimen148
\Gm@layoutheight=\dimen149
\Gm@layouthoffset=\dimen150
\Gm@layoutvoffset=\dimen151
\Gm@dimlist=\toks19
<<<<<<< HEAD
 (C:\Users\Games\AppData\Local\Programs\MiKTeX\tex/latex/geometry\geometry.cfg)) (C:\Users\Games\AppData\Local\Programs\MiKTeX\tex/latex/setspace\setspace.sty
Package: setspace 2022/12/04 v6.7b set line spacing
) (C:\Users\Games\AppData\Local\Programs\MiKTeX\tex/latex/float\float.sty
=======
 (C:\Users\abadr\AppData\Local\Programs\MiKTeX\tex/latex/geometry\geometry.cfg)) (C:\Users\abadr\AppData\Local\Programs\MiKTeX\tex/latex/setspace\setspace.sty
Package: setspace 2022/12/04 v6.7b set line spacing
) (C:\Users\abadr\AppData\Local\Programs\MiKTeX\tex/latex/float\float.sty
>>>>>>> a2954fc6b3abb5ae74b3a6991b86ce8aa089a5f3
Package: float 2001/11/08 v1.3d Float enhancements (AL)
\c@float@type=\count267
\float@exts=\toks20
\float@box=\box51
\@float@everytoks=\toks21
\@floatcapt=\box52
<<<<<<< HEAD
) (C:\Users\Games\AppData\Local\Programs\MiKTeX\tex/latex/xcolor\xcolor.sty
Package: xcolor 2023/11/15 v3.01 LaTeX color extensions (UK)
 (C:\Users\Games\AppData\Local\Programs\MiKTeX\tex/latex/graphics-cfg\color.cfg
File: color.cfg 2016/01/02 v1.6 sample color configuration
)
Package xcolor Info: Driver file: pdftex.def on input line 274.
 (C:\Users\Games\AppData\Local\Programs\MiKTeX\tex/latex/graphics\mathcolor.ltx)
=======
) (C:\Users\abadr\AppData\Local\Programs\MiKTeX\tex/latex/xcolor\xcolor.sty
Package: xcolor 2023/11/15 v3.01 LaTeX color extensions (UK)
 (C:\Users\abadr\AppData\Local\Programs\MiKTeX\tex/latex/graphics-cfg\color.cfg
File: color.cfg 2016/01/02 v1.6 sample color configuration
)
Package xcolor Info: Driver file: pdftex.def on input line 274.
 (C:\Users\abadr\AppData\Local\Programs\MiKTeX\tex/latex/graphics\mathcolor.ltx)
>>>>>>> a2954fc6b3abb5ae74b3a6991b86ce8aa089a5f3
Package xcolor Info: Model `cmy' substituted by `cmy0' on input line 1350.
Package xcolor Info: Model `hsb' substituted by `rgb' on input line 1354.
Package xcolor Info: Model `RGB' extended on input line 1366.
Package xcolor Info: Model `HTML' substituted by `rgb' on input line 1368.
Package xcolor Info: Model `Hsb' substituted by `hsb' on input line 1369.
Package xcolor Info: Model `tHsb' substituted by `hsb' on input line 1370.
Package xcolor Info: Model `HSB' substituted by `hsb' on input line 1371.
Package xcolor Info: Model `Gray' substituted by `gray' on input line 1372.
Package xcolor Info: Model `wave' substituted by `hsb' on input line 1373.
<<<<<<< HEAD
) (C:\Users\Games\AppData\Local\Programs\MiKTeX\tex/latex/amsmath\amsmath.sty
=======
) (C:\Users\abadr\AppData\Local\Programs\MiKTeX\tex/latex/amsmath\amsmath.sty
>>>>>>> a2954fc6b3abb5ae74b3a6991b86ce8aa089a5f3
Package: amsmath 2023/05/13 v2.17o AMS math features
\@mathmargin=\skip50

For additional information on amsmath, use the `?' option.
<<<<<<< HEAD
(C:\Users\Games\AppData\Local\Programs\MiKTeX\tex/latex/amsmath\amstext.sty
Package: amstext 2021/08/26 v2.01 AMS text
 (C:\Users\Games\AppData\Local\Programs\MiKTeX\tex/latex/amsmath\amsgen.sty
File: amsgen.sty 1999/11/30 v2.0 generic functions
\@emptytoks=\toks22
\ex@=\dimen152
)) (C:\Users\Games\AppData\Local\Programs\MiKTeX\tex/latex/amsmath\amsbsy.sty
Package: amsbsy 1999/11/29 v1.2d Bold Symbols
\pmbraise@=\dimen153
) (C:\Users\Games\AppData\Local\Programs\MiKTeX\tex/latex/amsmath\amsopn.sty
=======
(C:\Users\abadr\AppData\Local\Programs\MiKTeX\tex/latex/amsmath\amstext.sty
Package: amstext 2021/08/26 v2.01 AMS text
 (C:\Users\abadr\AppData\Local\Programs\MiKTeX\tex/latex/amsmath\amsgen.sty
File: amsgen.sty 1999/11/30 v2.0 generic functions
\@emptytoks=\toks22
\ex@=\dimen152
)) (C:\Users\abadr\AppData\Local\Programs\MiKTeX\tex/latex/amsmath\amsbsy.sty
Package: amsbsy 1999/11/29 v1.2d Bold Symbols
\pmbraise@=\dimen153
) (C:\Users\abadr\AppData\Local\Programs\MiKTeX\tex/latex/amsmath\amsopn.sty
>>>>>>> a2954fc6b3abb5ae74b3a6991b86ce8aa089a5f3
Package: amsopn 2022/04/08 v2.04 operator names
)
\inf@bad=\count268
LaTeX Info: Redefining \frac on input line 234.
\uproot@=\count269
\leftroot@=\count270
LaTeX Info: Redefining \overline on input line 399.
LaTeX Info: Redefining \colon on input line 410.
\classnum@=\count271
\DOTSCASE@=\count272
LaTeX Info: Redefining \ldots on input line 496.
LaTeX Info: Redefining \dots on input line 499.
LaTeX Info: Redefining \cdots on input line 620.
\Mathstrutbox@=\box53
\strutbox@=\box54
LaTeX Info: Redefining \big on input line 722.
LaTeX Info: Redefining \Big on input line 723.
LaTeX Info: Redefining \bigg on input line 724.
LaTeX Info: Redefining \Bigg on input line 725.
\big@size=\dimen154
LaTeX Font Info:    Redeclaring font encoding OML on input line 743.
LaTeX Font Info:    Redeclaring font encoding OMS on input line 744.
\macc@depth=\count273
LaTeX Info: Redefining \bmod on input line 905.
LaTeX Info: Redefining \pmod on input line 910.
LaTeX Info: Redefining \smash on input line 940.
LaTeX Info: Redefining \relbar on input line 970.
LaTeX Info: Redefining \Relbar on input line 971.
\c@MaxMatrixCols=\count274
\dotsspace@=\muskip16
\c@parentequation=\count275
\dspbrk@lvl=\count276
\tag@help=\toks23
\row@=\count277
\column@=\count278
\maxfields@=\count279
\andhelp@=\toks24
\eqnshift@=\dimen155
\alignsep@=\dimen156
\tagshift@=\dimen157
\tagwidth@=\dimen158
\totwidth@=\dimen159
\lineht@=\dimen160
\@envbody=\toks25
\multlinegap=\skip51
\multlinetaggap=\skip52
\mathdisplay@stack=\toks26
LaTeX Info: Redefining \[ on input line 2953.
LaTeX Info: Redefining \] on input line 2954.
<<<<<<< HEAD
) (C:\Users\Games\AppData\Local\Programs\MiKTeX\tex/latex/pgf/frontendlayer\tikz.sty (C:\Users\Games\AppData\Local\Programs\MiKTeX\tex/latex/pgf/basiclayer\pgf.sty (C:\Users\Games\AppData\Local\Programs\MiKTeX\tex/latex/pgf/utilities\pgfrcs.sty (C:\Users\Games\AppData\Local\Programs\MiKTeX\tex/generic/pgf/utilities\pgfutil-common.tex
\pgfutil@everybye=\toks27
\pgfutil@tempdima=\dimen161
\pgfutil@tempdimb=\dimen162
) (C:\Users\Games\AppData\Local\Programs\MiKTeX\tex/generic/pgf/utilities\pgfutil-latex.def
\pgfutil@abb=\box55
) (C:\Users\Games\AppData\Local\Programs\MiKTeX\tex/generic/pgf/utilities\pgfrcs.code.tex (C:\Users\Games\AppData\Local\Programs\MiKTeX\tex/generic/pgf\pgf.revision.tex)
Package: pgfrcs 2023-01-15 v3.1.10 (3.1.10)
))
Package: pgf 2023-01-15 v3.1.10 (3.1.10)
 (C:\Users\Games\AppData\Local\Programs\MiKTeX\tex/latex/pgf/basiclayer\pgfcore.sty (C:\Users\Games\AppData\Local\Programs\MiKTeX\tex/latex/pgf/systemlayer\pgfsys.sty (C:\Users\Games\AppData\Local\Programs\MiKTeX\tex/generic/pgf/systemlayer\pgfsys.code.tex
Package: pgfsys 2023-01-15 v3.1.10 (3.1.10)
 (C:\Users\Games\AppData\Local\Programs\MiKTeX\tex/generic/pgf/utilities\pgfkeys.code.tex
\pgfkeys@pathtoks=\toks28
\pgfkeys@temptoks=\toks29
 (C:\Users\Games\AppData\Local\Programs\MiKTeX\tex/generic/pgf/utilities\pgfkeyslibraryfiltered.code.tex
=======
) (C:\Users\abadr\AppData\Local\Programs\MiKTeX\tex/latex/pgf/frontendlayer\tikz.sty (C:\Users\abadr\AppData\Local\Programs\MiKTeX\tex/latex/pgf/basiclayer\pgf.sty (C:\Users\abadr\AppData\Local\Programs\MiKTeX\tex/latex/pgf/utilities\pgfrcs.sty (C:\Users\abadr\AppData\Local\Programs\MiKTeX\tex/generic/pgf/utilities\pgfutil-common.tex
\pgfutil@everybye=\toks27
\pgfutil@tempdima=\dimen161
\pgfutil@tempdimb=\dimen162
) (C:\Users\abadr\AppData\Local\Programs\MiKTeX\tex/generic/pgf/utilities\pgfutil-latex.def
\pgfutil@abb=\box55
) (C:\Users\abadr\AppData\Local\Programs\MiKTeX\tex/generic/pgf/utilities\pgfrcs.code.tex (C:\Users\abadr\AppData\Local\Programs\MiKTeX\tex/generic/pgf\pgf.revision.tex)
Package: pgfrcs 2023-01-15 v3.1.10 (3.1.10)
))
Package: pgf 2023-01-15 v3.1.10 (3.1.10)
 (C:\Users\abadr\AppData\Local\Programs\MiKTeX\tex/latex/pgf/basiclayer\pgfcore.sty (C:\Users\abadr\AppData\Local\Programs\MiKTeX\tex/latex/pgf/systemlayer\pgfsys.sty (C:\Users\abadr\AppData\Local\Programs\MiKTeX\tex/generic/pgf/systemlayer\pgfsys.code.tex
Package: pgfsys 2023-01-15 v3.1.10 (3.1.10)
 (C:\Users\abadr\AppData\Local\Programs\MiKTeX\tex/generic/pgf/utilities\pgfkeys.code.tex
\pgfkeys@pathtoks=\toks28
\pgfkeys@temptoks=\toks29
 (C:\Users\abadr\AppData\Local\Programs\MiKTeX\tex/generic/pgf/utilities\pgfkeyslibraryfiltered.code.tex
>>>>>>> a2954fc6b3abb5ae74b3a6991b86ce8aa089a5f3
\pgfkeys@tmptoks=\toks30
))
\pgf@x=\dimen163
\pgf@y=\dimen164
\pgf@xa=\dimen165
\pgf@ya=\dimen166
\pgf@xb=\dimen167
\pgf@yb=\dimen168
\pgf@xc=\dimen169
\pgf@yc=\dimen170
\pgf@xd=\dimen171
\pgf@yd=\dimen172
\w@pgf@writea=\write3
\r@pgf@reada=\read3
\c@pgf@counta=\count280
\c@pgf@countb=\count281
\c@pgf@countc=\count282
\c@pgf@countd=\count283
\t@pgf@toka=\toks31
\t@pgf@tokb=\toks32
\t@pgf@tokc=\toks33
\pgf@sys@id@count=\count284
<<<<<<< HEAD
 (C:\Users\Games\AppData\Local\Programs\MiKTeX\tex/generic/pgf/systemlayer\pgf.cfg
File: pgf.cfg 2023-01-15 v3.1.10 (3.1.10)
)
Driver file for pgf: pgfsys-pdftex.def
 (C:\Users\Games\AppData\Local\Programs\MiKTeX\tex/generic/pgf/systemlayer\pgfsys-pdftex.def
File: pgfsys-pdftex.def 2023-01-15 v3.1.10 (3.1.10)
 (C:\Users\Games\AppData\Local\Programs\MiKTeX\tex/generic/pgf/systemlayer\pgfsys-common-pdf.def
File: pgfsys-common-pdf.def 2023-01-15 v3.1.10 (3.1.10)
))) (C:\Users\Games\AppData\Local\Programs\MiKTeX\tex/generic/pgf/systemlayer\pgfsyssoftpath.code.tex
File: pgfsyssoftpath.code.tex 2023-01-15 v3.1.10 (3.1.10)
\pgfsyssoftpath@smallbuffer@items=\count285
\pgfsyssoftpath@bigbuffer@items=\count286
) (C:\Users\Games\AppData\Local\Programs\MiKTeX\tex/generic/pgf/systemlayer\pgfsysprotocol.code.tex
File: pgfsysprotocol.code.tex 2023-01-15 v3.1.10 (3.1.10)
)) (C:\Users\Games\AppData\Local\Programs\MiKTeX\tex/generic/pgf/basiclayer\pgfcore.code.tex
Package: pgfcore 2023-01-15 v3.1.10 (3.1.10)
 (C:\Users\Games\AppData\Local\Programs\MiKTeX\tex/generic/pgf/math\pgfmath.code.tex (C:\Users\Games\AppData\Local\Programs\MiKTeX\tex/generic/pgf/math\pgfmathutil.code.tex) (C:\Users\Games\AppData\Local\Programs\MiKTeX\tex/generic/pgf/math\pgfmathparser.code.tex
=======
 (C:\Users\abadr\AppData\Local\Programs\MiKTeX\tex/generic/pgf/systemlayer\pgf.cfg
File: pgf.cfg 2023-01-15 v3.1.10 (3.1.10)
)
Driver file for pgf: pgfsys-pdftex.def
 (C:\Users\abadr\AppData\Local\Programs\MiKTeX\tex/generic/pgf/systemlayer\pgfsys-pdftex.def
File: pgfsys-pdftex.def 2023-01-15 v3.1.10 (3.1.10)
 (C:\Users\abadr\AppData\Local\Programs\MiKTeX\tex/generic/pgf/systemlayer\pgfsys-common-pdf.def
File: pgfsys-common-pdf.def 2023-01-15 v3.1.10 (3.1.10)
))) (C:\Users\abadr\AppData\Local\Programs\MiKTeX\tex/generic/pgf/systemlayer\pgfsyssoftpath.code.tex
File: pgfsyssoftpath.code.tex 2023-01-15 v3.1.10 (3.1.10)
\pgfsyssoftpath@smallbuffer@items=\count285
\pgfsyssoftpath@bigbuffer@items=\count286
) (C:\Users\abadr\AppData\Local\Programs\MiKTeX\tex/generic/pgf/systemlayer\pgfsysprotocol.code.tex
File: pgfsysprotocol.code.tex 2023-01-15 v3.1.10 (3.1.10)
)) (C:\Users\abadr\AppData\Local\Programs\MiKTeX\tex/generic/pgf/basiclayer\pgfcore.code.tex
Package: pgfcore 2023-01-15 v3.1.10 (3.1.10)
 (C:\Users\abadr\AppData\Local\Programs\MiKTeX\tex/generic/pgf/math\pgfmath.code.tex (C:\Users\abadr\AppData\Local\Programs\MiKTeX\tex/generic/pgf/math\pgfmathutil.code.tex) (C:\Users\abadr\AppData\Local\Programs\MiKTeX\tex/generic/pgf/math\pgfmathparser.code.tex
>>>>>>> a2954fc6b3abb5ae74b3a6991b86ce8aa089a5f3
\pgfmath@dimen=\dimen173
\pgfmath@count=\count287
\pgfmath@box=\box56
\pgfmath@toks=\toks34
\pgfmath@stack@operand=\toks35
\pgfmath@stack@operation=\toks36
<<<<<<< HEAD
) (C:\Users\Games\AppData\Local\Programs\MiKTeX\tex/generic/pgf/math\pgfmathfunctions.code.tex) (C:\Users\Games\AppData\Local\Programs\MiKTeX\tex/generic/pgf/math\pgfmathfunctions.basic.code.tex) (C:\Users\Games\AppData\Local\Programs\MiKTeX\tex/generic/pgf/math\pgfmathfunctions.trigonometric.code.tex) (C:\Users\Games\AppData\Local\Programs\MiKTeX\tex/generic/pgf/math\pgfmathfunctions.random.code.tex) (C:\Users\Games\AppData\Local\Programs\MiKTeX\tex/generic/pgf/math\pgfmathfunctions.comparison.code.tex) (C:\Users\Games\AppData\Local\Programs\MiKTeX\tex/generic/pgf/math\pgfmathfunctions.base.code.tex) (C:\Users\Games\AppData\Local\Programs\MiKTeX\tex/generic/pgf/math\pgfmathfunctions.round.code.tex) (C:\Users\Games\AppData\Local\Programs\MiKTeX\tex/generic/pgf/math\pgfmathfunctions.misc.code.tex) (C:\Users\Games\AppData\Local\Programs\MiKTeX\tex/generic/pgf/math\pgfmathfunctions.integerarithmetics.code.tex) (C:\Users\Games\AppData\Local\Programs\MiKTeX\tex/generic/pgf/math\pgfmathcalc.code.tex) (C:\Users\Games\AppData\Local\Programs\MiKTeX\tex/generic/pgf/math\pgfmathfloat.code.tex
\c@pgfmathroundto@lastzeros=\count288
)) (C:\Users\Games\AppData\Local\Programs\MiKTeX\tex/generic/pgf/math\pgfint.code.tex) (C:\Users\Games\AppData\Local\Programs\MiKTeX\tex/generic/pgf/basiclayer\pgfcorepoints.code.tex
=======
) (C:\Users\abadr\AppData\Local\Programs\MiKTeX\tex/generic/pgf/math\pgfmathfunctions.code.tex) (C:\Users\abadr\AppData\Local\Programs\MiKTeX\tex/generic/pgf/math\pgfmathfunctions.basic.code.tex) (C:\Users\abadr\AppData\Local\Programs\MiKTeX\tex/generic/pgf/math\pgfmathfunctions.trigonometric.code.tex) (C:\Users\abadr\AppData\Local\Programs\MiKTeX\tex/generic/pgf/math\pgfmathfunctions.random.code.tex) (C:\Users\abadr\AppData\Local\Programs\MiKTeX\tex/generic/pgf/math\pgfmathfunctions.comparison.code.tex) (C:\Users\abadr\AppData\Local\Programs\MiKTeX\tex/generic/pgf/math\pgfmathfunctions.base.code.tex) (C:\Users\abadr\AppData\Local\Programs\MiKTeX\tex/generic/pgf/math\pgfmathfunctions.round.code.tex) (C:\Users\abadr\AppData\Local\Programs\MiKTeX\tex/generic/pgf/math\pgfmathfunctions.misc.code.tex) (C:\Users\abadr\AppData\Local\Programs\MiKTeX\tex/generic/pgf/math\pgfmathfunctions.integerarithmetics.code.tex) (C:\Users\abadr\AppData\Local\Programs\MiKTeX\tex/generic/pgf/math\pgfmathcalc.code.tex) (C:\Users\abadr\AppData\Local\Programs\MiKTeX\tex/generic/pgf/math\pgfmathfloat.code.tex
\c@pgfmathroundto@lastzeros=\count288
)) (C:\Users\abadr\AppData\Local\Programs\MiKTeX\tex/generic/pgf/math\pgfint.code.tex) (C:\Users\abadr\AppData\Local\Programs\MiKTeX\tex/generic/pgf/basiclayer\pgfcorepoints.code.tex
>>>>>>> a2954fc6b3abb5ae74b3a6991b86ce8aa089a5f3
File: pgfcorepoints.code.tex 2023-01-15 v3.1.10 (3.1.10)
\pgf@picminx=\dimen174
\pgf@picmaxx=\dimen175
\pgf@picminy=\dimen176
\pgf@picmaxy=\dimen177
\pgf@pathminx=\dimen178
\pgf@pathmaxx=\dimen179
\pgf@pathminy=\dimen180
\pgf@pathmaxy=\dimen181
\pgf@xx=\dimen182
\pgf@xy=\dimen183
\pgf@yx=\dimen184
\pgf@yy=\dimen185
\pgf@zx=\dimen186
\pgf@zy=\dimen187
<<<<<<< HEAD
) (C:\Users\Games\AppData\Local\Programs\MiKTeX\tex/generic/pgf/basiclayer\pgfcorepathconstruct.code.tex
File: pgfcorepathconstruct.code.tex 2023-01-15 v3.1.10 (3.1.10)
\pgf@path@lastx=\dimen188
\pgf@path@lasty=\dimen189
) (C:\Users\Games\AppData\Local\Programs\MiKTeX\tex/generic/pgf/basiclayer\pgfcorepathusage.code.tex
File: pgfcorepathusage.code.tex 2023-01-15 v3.1.10 (3.1.10)
\pgf@shorten@end@additional=\dimen190
\pgf@shorten@start@additional=\dimen191
) (C:\Users\Games\AppData\Local\Programs\MiKTeX\tex/generic/pgf/basiclayer\pgfcorescopes.code.tex
=======
) (C:\Users\abadr\AppData\Local\Programs\MiKTeX\tex/generic/pgf/basiclayer\pgfcorepathconstruct.code.tex
File: pgfcorepathconstruct.code.tex 2023-01-15 v3.1.10 (3.1.10)
\pgf@path@lastx=\dimen188
\pgf@path@lasty=\dimen189
) (C:\Users\abadr\AppData\Local\Programs\MiKTeX\tex/generic/pgf/basiclayer\pgfcorepathusage.code.tex
File: pgfcorepathusage.code.tex 2023-01-15 v3.1.10 (3.1.10)
\pgf@shorten@end@additional=\dimen190
\pgf@shorten@start@additional=\dimen191
) (C:\Users\abadr\AppData\Local\Programs\MiKTeX\tex/generic/pgf/basiclayer\pgfcorescopes.code.tex
>>>>>>> a2954fc6b3abb5ae74b3a6991b86ce8aa089a5f3
File: pgfcorescopes.code.tex 2023-01-15 v3.1.10 (3.1.10)
\pgfpic=\box57
\pgf@hbox=\box58
\pgf@layerbox@main=\box59
\pgf@picture@serial@count=\count289
<<<<<<< HEAD
) (C:\Users\Games\AppData\Local\Programs\MiKTeX\tex/generic/pgf/basiclayer\pgfcoregraphicstate.code.tex
File: pgfcoregraphicstate.code.tex 2023-01-15 v3.1.10 (3.1.10)
\pgflinewidth=\dimen192
) (C:\Users\Games\AppData\Local\Programs\MiKTeX\tex/generic/pgf/basiclayer\pgfcoretransformations.code.tex
=======
) (C:\Users\abadr\AppData\Local\Programs\MiKTeX\tex/generic/pgf/basiclayer\pgfcoregraphicstate.code.tex
File: pgfcoregraphicstate.code.tex 2023-01-15 v3.1.10 (3.1.10)
\pgflinewidth=\dimen192
) (C:\Users\abadr\AppData\Local\Programs\MiKTeX\tex/generic/pgf/basiclayer\pgfcoretransformations.code.tex
>>>>>>> a2954fc6b3abb5ae74b3a6991b86ce8aa089a5f3
File: pgfcoretransformations.code.tex 2023-01-15 v3.1.10 (3.1.10)
\pgf@pt@x=\dimen193
\pgf@pt@y=\dimen194
\pgf@pt@temp=\dimen195
<<<<<<< HEAD
) (C:\Users\Games\AppData\Local\Programs\MiKTeX\tex/generic/pgf/basiclayer\pgfcorequick.code.tex
File: pgfcorequick.code.tex 2023-01-15 v3.1.10 (3.1.10)
) (C:\Users\Games\AppData\Local\Programs\MiKTeX\tex/generic/pgf/basiclayer\pgfcoreobjects.code.tex
File: pgfcoreobjects.code.tex 2023-01-15 v3.1.10 (3.1.10)
) (C:\Users\Games\AppData\Local\Programs\MiKTeX\tex/generic/pgf/basiclayer\pgfcorepathprocessing.code.tex
File: pgfcorepathprocessing.code.tex 2023-01-15 v3.1.10 (3.1.10)
) (C:\Users\Games\AppData\Local\Programs\MiKTeX\tex/generic/pgf/basiclayer\pgfcorearrows.code.tex
File: pgfcorearrows.code.tex 2023-01-15 v3.1.10 (3.1.10)
\pgfarrowsep=\dimen196
) (C:\Users\Games\AppData\Local\Programs\MiKTeX\tex/generic/pgf/basiclayer\pgfcoreshade.code.tex
=======
) (C:\Users\abadr\AppData\Local\Programs\MiKTeX\tex/generic/pgf/basiclayer\pgfcorequick.code.tex
File: pgfcorequick.code.tex 2023-01-15 v3.1.10 (3.1.10)
) (C:\Users\abadr\AppData\Local\Programs\MiKTeX\tex/generic/pgf/basiclayer\pgfcoreobjects.code.tex
File: pgfcoreobjects.code.tex 2023-01-15 v3.1.10 (3.1.10)
) (C:\Users\abadr\AppData\Local\Programs\MiKTeX\tex/generic/pgf/basiclayer\pgfcorepathprocessing.code.tex
File: pgfcorepathprocessing.code.tex 2023-01-15 v3.1.10 (3.1.10)
) (C:\Users\abadr\AppData\Local\Programs\MiKTeX\tex/generic/pgf/basiclayer\pgfcorearrows.code.tex
File: pgfcorearrows.code.tex 2023-01-15 v3.1.10 (3.1.10)
\pgfarrowsep=\dimen196
) (C:\Users\abadr\AppData\Local\Programs\MiKTeX\tex/generic/pgf/basiclayer\pgfcoreshade.code.tex
>>>>>>> a2954fc6b3abb5ae74b3a6991b86ce8aa089a5f3
File: pgfcoreshade.code.tex 2023-01-15 v3.1.10 (3.1.10)
\pgf@max=\dimen197
\pgf@sys@shading@range@num=\count290
\pgf@shadingcount=\count291
<<<<<<< HEAD
) (C:\Users\Games\AppData\Local\Programs\MiKTeX\tex/generic/pgf/basiclayer\pgfcoreimage.code.tex
File: pgfcoreimage.code.tex 2023-01-15 v3.1.10 (3.1.10)
) (C:\Users\Games\AppData\Local\Programs\MiKTeX\tex/generic/pgf/basiclayer\pgfcoreexternal.code.tex
File: pgfcoreexternal.code.tex 2023-01-15 v3.1.10 (3.1.10)
\pgfexternal@startupbox=\box60
) (C:\Users\Games\AppData\Local\Programs\MiKTeX\tex/generic/pgf/basiclayer\pgfcorelayers.code.tex
File: pgfcorelayers.code.tex 2023-01-15 v3.1.10 (3.1.10)
) (C:\Users\Games\AppData\Local\Programs\MiKTeX\tex/generic/pgf/basiclayer\pgfcoretransparency.code.tex
File: pgfcoretransparency.code.tex 2023-01-15 v3.1.10 (3.1.10)
) (C:\Users\Games\AppData\Local\Programs\MiKTeX\tex/generic/pgf/basiclayer\pgfcorepatterns.code.tex
File: pgfcorepatterns.code.tex 2023-01-15 v3.1.10 (3.1.10)
) (C:\Users\Games\AppData\Local\Programs\MiKTeX\tex/generic/pgf/basiclayer\pgfcorerdf.code.tex
File: pgfcorerdf.code.tex 2023-01-15 v3.1.10 (3.1.10)
))) (C:\Users\Games\AppData\Local\Programs\MiKTeX\tex/generic/pgf/modules\pgfmoduleshapes.code.tex
File: pgfmoduleshapes.code.tex 2023-01-15 v3.1.10 (3.1.10)
\pgfnodeparttextbox=\box61
) (C:\Users\Games\AppData\Local\Programs\MiKTeX\tex/generic/pgf/modules\pgfmoduleplot.code.tex
File: pgfmoduleplot.code.tex 2023-01-15 v3.1.10 (3.1.10)
) (C:\Users\Games\AppData\Local\Programs\MiKTeX\tex/latex/pgf/compatibility\pgfcomp-version-0-65.sty
Package: pgfcomp-version-0-65 2023-01-15 v3.1.10 (3.1.10)
\pgf@nodesepstart=\dimen198
\pgf@nodesepend=\dimen199
) (C:\Users\Games\AppData\Local\Programs\MiKTeX\tex/latex/pgf/compatibility\pgfcomp-version-1-18.sty
Package: pgfcomp-version-1-18 2023-01-15 v3.1.10 (3.1.10)
)) (C:\Users\Games\AppData\Local\Programs\MiKTeX\tex/latex/pgf/utilities\pgffor.sty (C:\Users\Games\AppData\Local\Programs\MiKTeX\tex/latex/pgf/utilities\pgfkeys.sty (C:\Users\Games\AppData\Local\Programs\MiKTeX\tex/generic/pgf/utilities\pgfkeys.code.tex)) (C:\Users\Games\AppData\Local\Programs\MiKTeX\tex/latex/pgf/math\pgfmath.sty (C:\Users\Games\AppData\Local\Programs\MiKTeX\tex/generic/pgf/math\pgfmath.code.tex)) (C:\Users\Games\AppData\Local\Programs\MiKTeX\tex/generic/pgf/utilities\pgffor.code.tex
=======
) (C:\Users\abadr\AppData\Local\Programs\MiKTeX\tex/generic/pgf/basiclayer\pgfcoreimage.code.tex
File: pgfcoreimage.code.tex 2023-01-15 v3.1.10 (3.1.10)
) (C:\Users\abadr\AppData\Local\Programs\MiKTeX\tex/generic/pgf/basiclayer\pgfcoreexternal.code.tex
File: pgfcoreexternal.code.tex 2023-01-15 v3.1.10 (3.1.10)
\pgfexternal@startupbox=\box60
) (C:\Users\abadr\AppData\Local\Programs\MiKTeX\tex/generic/pgf/basiclayer\pgfcorelayers.code.tex
File: pgfcorelayers.code.tex 2023-01-15 v3.1.10 (3.1.10)
) (C:\Users\abadr\AppData\Local\Programs\MiKTeX\tex/generic/pgf/basiclayer\pgfcoretransparency.code.tex
File: pgfcoretransparency.code.tex 2023-01-15 v3.1.10 (3.1.10)
) (C:\Users\abadr\AppData\Local\Programs\MiKTeX\tex/generic/pgf/basiclayer\pgfcorepatterns.code.tex
File: pgfcorepatterns.code.tex 2023-01-15 v3.1.10 (3.1.10)
) (C:\Users\abadr\AppData\Local\Programs\MiKTeX\tex/generic/pgf/basiclayer\pgfcorerdf.code.tex
File: pgfcorerdf.code.tex 2023-01-15 v3.1.10 (3.1.10)
))) (C:\Users\abadr\AppData\Local\Programs\MiKTeX\tex/generic/pgf/modules\pgfmoduleshapes.code.tex
File: pgfmoduleshapes.code.tex 2023-01-15 v3.1.10 (3.1.10)
\pgfnodeparttextbox=\box61
) (C:\Users\abadr\AppData\Local\Programs\MiKTeX\tex/generic/pgf/modules\pgfmoduleplot.code.tex
File: pgfmoduleplot.code.tex 2023-01-15 v3.1.10 (3.1.10)
) (C:\Users\abadr\AppData\Local\Programs\MiKTeX\tex/latex/pgf/compatibility\pgfcomp-version-0-65.sty
Package: pgfcomp-version-0-65 2023-01-15 v3.1.10 (3.1.10)
\pgf@nodesepstart=\dimen198
\pgf@nodesepend=\dimen199
) (C:\Users\abadr\AppData\Local\Programs\MiKTeX\tex/latex/pgf/compatibility\pgfcomp-version-1-18.sty
Package: pgfcomp-version-1-18 2023-01-15 v3.1.10 (3.1.10)
)) (C:\Users\abadr\AppData\Local\Programs\MiKTeX\tex/latex/pgf/utilities\pgffor.sty (C:\Users\abadr\AppData\Local\Programs\MiKTeX\tex/latex/pgf/utilities\pgfkeys.sty (C:\Users\abadr\AppData\Local\Programs\MiKTeX\tex/generic/pgf/utilities\pgfkeys.code.tex)) (C:\Users\abadr\AppData\Local\Programs\MiKTeX\tex/latex/pgf/math\pgfmath.sty (C:\Users\abadr\AppData\Local\Programs\MiKTeX\tex/generic/pgf/math\pgfmath.code.tex)) (C:\Users\abadr\AppData\Local\Programs\MiKTeX\tex/generic/pgf/utilities\pgffor.code.tex
>>>>>>> a2954fc6b3abb5ae74b3a6991b86ce8aa089a5f3
Package: pgffor 2023-01-15 v3.1.10 (3.1.10)
\pgffor@iter=\dimen256
\pgffor@skip=\dimen257
\pgffor@stack=\toks37
\pgffor@toks=\toks38
<<<<<<< HEAD
)) (C:\Users\Games\AppData\Local\Programs\MiKTeX\tex/generic/pgf/frontendlayer/tikz\tikz.code.tex
Package: tikz 2023-01-15 v3.1.10 (3.1.10)
 (C:\Users\Games\AppData\Local\Programs\MiKTeX\tex/generic/pgf/libraries\pgflibraryplothandlers.code.tex
=======
)) (C:\Users\abadr\AppData\Local\Programs\MiKTeX\tex/generic/pgf/frontendlayer/tikz\tikz.code.tex
Package: tikz 2023-01-15 v3.1.10 (3.1.10)
 (C:\Users\abadr\AppData\Local\Programs\MiKTeX\tex/generic/pgf/libraries\pgflibraryplothandlers.code.tex
>>>>>>> a2954fc6b3abb5ae74b3a6991b86ce8aa089a5f3
File: pgflibraryplothandlers.code.tex 2023-01-15 v3.1.10 (3.1.10)
\pgf@plot@mark@count=\count292
\pgfplotmarksize=\dimen258
)
\tikz@lastx=\dimen259
\tikz@lasty=\dimen260
\tikz@lastxsaved=\dimen261
\tikz@lastysaved=\dimen262
\tikz@lastmovetox=\dimen263
\tikz@lastmovetoy=\dimen264
\tikzleveldistance=\dimen265
\tikzsiblingdistance=\dimen266
\tikz@figbox=\box62
\tikz@figbox@bg=\box63
\tikz@tempbox=\box64
\tikz@tempbox@bg=\box65
\tikztreelevel=\count293
\tikznumberofchildren=\count294
\tikznumberofcurrentchild=\count295
\tikz@fig@count=\count296
<<<<<<< HEAD
 (C:\Users\Games\AppData\Local\Programs\MiKTeX\tex/generic/pgf/modules\pgfmodulematrix.code.tex
=======
 (C:\Users\abadr\AppData\Local\Programs\MiKTeX\tex/generic/pgf/modules\pgfmodulematrix.code.tex
>>>>>>> a2954fc6b3abb5ae74b3a6991b86ce8aa089a5f3
File: pgfmodulematrix.code.tex 2023-01-15 v3.1.10 (3.1.10)
\pgfmatrixcurrentrow=\count297
\pgfmatrixcurrentcolumn=\count298
\pgf@matrix@numberofcolumns=\count299
)
\tikz@expandcount=\count300
<<<<<<< HEAD
 (C:\Users\Games\AppData\Local\Programs\MiKTeX\tex/generic/pgf/frontendlayer/tikz/libraries\tikzlibrarytopaths.code.tex
File: tikzlibrarytopaths.code.tex 2023-01-15 v3.1.10 (3.1.10)
))) (C:\Users\Games\AppData\Local\Programs\MiKTeX\tex/latex/hyperref\hyperref.sty
Package: hyperref 2023-11-26 v7.01g Hypertext links for LaTeX
 (C:\Users\Games\AppData\Local\Programs\MiKTeX\tex/generic/infwarerr\infwarerr.sty
Package: infwarerr 2019/12/03 v1.5 Providing info/warning/error messages (HO)
) (C:\Users\Games\AppData\Local\Programs\MiKTeX\tex/latex/kvsetkeys\kvsetkeys.sty
Package: kvsetkeys 2022-10-05 v1.19 Key value parser (HO)
) (C:\Users\Games\AppData\Local\Programs\MiKTeX\tex/generic/kvdefinekeys\kvdefinekeys.sty
Package: kvdefinekeys 2019-12-19 v1.6 Define keys (HO)
) (C:\Users\Games\AppData\Local\Programs\MiKTeX\tex/generic/pdfescape\pdfescape.sty
Package: pdfescape 2019/12/09 v1.15 Implements pdfTeX's escape features (HO)
 (C:\Users\Games\AppData\Local\Programs\MiKTeX\tex/generic/ltxcmds\ltxcmds.sty
Package: ltxcmds 2023-12-04 v1.26 LaTeX kernel commands for general use (HO)
) (C:\Users\Games\AppData\Local\Programs\MiKTeX\tex/generic/pdftexcmds\pdftexcmds.sty
=======
 (C:\Users\abadr\AppData\Local\Programs\MiKTeX\tex/generic/pgf/frontendlayer/tikz/libraries\tikzlibrarytopaths.code.tex
File: tikzlibrarytopaths.code.tex 2023-01-15 v3.1.10 (3.1.10)
))) (C:\Users\abadr\AppData\Local\Programs\MiKTeX\tex/latex/hyperref\hyperref.sty
Package: hyperref 2023-11-26 v7.01g Hypertext links for LaTeX
 (C:\Users\abadr\AppData\Local\Programs\MiKTeX\tex/generic/infwarerr\infwarerr.sty
Package: infwarerr 2019/12/03 v1.5 Providing info/warning/error messages (HO)
) (C:\Users\abadr\AppData\Local\Programs\MiKTeX\tex/latex/kvsetkeys\kvsetkeys.sty
Package: kvsetkeys 2022-10-05 v1.19 Key value parser (HO)
) (C:\Users\abadr\AppData\Local\Programs\MiKTeX\tex/generic/kvdefinekeys\kvdefinekeys.sty
Package: kvdefinekeys 2019-12-19 v1.6 Define keys (HO)
) (C:\Users\abadr\AppData\Local\Programs\MiKTeX\tex/generic/pdfescape\pdfescape.sty
Package: pdfescape 2019/12/09 v1.15 Implements pdfTeX's escape features (HO)
 (C:\Users\abadr\AppData\Local\Programs\MiKTeX\tex/generic/ltxcmds\ltxcmds.sty
Package: ltxcmds 2023-12-04 v1.26 LaTeX kernel commands for general use (HO)
) (C:\Users\abadr\AppData\Local\Programs\MiKTeX\tex/generic/pdftexcmds\pdftexcmds.sty
>>>>>>> a2954fc6b3abb5ae74b3a6991b86ce8aa089a5f3
Package: pdftexcmds 2020-06-27 v0.33 Utility functions of pdfTeX for LuaTeX (HO)
Package pdftexcmds Info: \pdf@primitive is available.
Package pdftexcmds Info: \pdf@ifprimitive is available.
Package pdftexcmds Info: \pdfdraftmode found.
<<<<<<< HEAD
)) (C:\Users\Games\AppData\Local\Programs\MiKTeX\tex/latex/hycolor\hycolor.sty
Package: hycolor 2020-01-27 v1.10 Color options for hyperref/bookmark (HO)
) (C:\Users\Games\AppData\Local\Programs\MiKTeX\tex/latex/letltxmacro\letltxmacro.sty
Package: letltxmacro 2019/12/03 v1.6 Let assignment for LaTeX macros (HO)
) (C:\Users\Games\AppData\Local\Programs\MiKTeX\tex/latex/auxhook\auxhook.sty
Package: auxhook 2019-12-17 v1.6 Hooks for auxiliary files (HO)
) (C:\Users\Games\AppData\Local\Programs\MiKTeX\tex/latex/hyperref\nameref.sty
Package: nameref 2023-11-26 v2.56 Cross-referencing by name of section
 (C:\Users\Games\AppData\Local\Programs\MiKTeX\tex/latex/refcount\refcount.sty
Package: refcount 2019/12/15 v3.6 Data extraction from label references (HO)
) (C:\Users\Games\AppData\Local\Programs\MiKTeX\tex/generic/gettitlestring\gettitlestring.sty
Package: gettitlestring 2019/12/15 v1.6 Cleanup title references (HO)
 (C:\Users\Games\AppData\Local\Programs\MiKTeX\tex/latex/kvoptions\kvoptions.sty
Package: kvoptions 2022-06-15 v3.15 Key value format for package options (HO)
))
\c@section@level=\count301
) (C:\Users\Games\AppData\Local\Programs\MiKTeX\tex/latex/etoolbox\etoolbox.sty
=======
)) (C:\Users\abadr\AppData\Local\Programs\MiKTeX\tex/latex/hycolor\hycolor.sty
Package: hycolor 2020-01-27 v1.10 Color options for hyperref/bookmark (HO)
) (C:\Users\abadr\AppData\Local\Programs\MiKTeX\tex/latex/letltxmacro\letltxmacro.sty
Package: letltxmacro 2019/12/03 v1.6 Let assignment for LaTeX macros (HO)
) (C:\Users\abadr\AppData\Local\Programs\MiKTeX\tex/latex/auxhook\auxhook.sty
Package: auxhook 2019-12-17 v1.6 Hooks for auxiliary files (HO)
) (C:\Users\abadr\AppData\Local\Programs\MiKTeX\tex/latex/hyperref\nameref.sty
Package: nameref 2023-11-26 v2.56 Cross-referencing by name of section
 (C:\Users\abadr\AppData\Local\Programs\MiKTeX\tex/latex/refcount\refcount.sty
Package: refcount 2019/12/15 v3.6 Data extraction from label references (HO)
) (C:\Users\abadr\AppData\Local\Programs\MiKTeX\tex/generic/gettitlestring\gettitlestring.sty
Package: gettitlestring 2019/12/15 v1.6 Cleanup title references (HO)
 (C:\Users\abadr\AppData\Local\Programs\MiKTeX\tex/latex/kvoptions\kvoptions.sty
Package: kvoptions 2022-06-15 v3.15 Key value format for package options (HO)
))
\c@section@level=\count301
) (C:\Users\abadr\AppData\Local\Programs\MiKTeX\tex/latex/etoolbox\etoolbox.sty
>>>>>>> a2954fc6b3abb5ae74b3a6991b86ce8aa089a5f3
Package: etoolbox 2020/10/05 v2.5k e-TeX tools for LaTeX (JAW)
\etb@tempcnta=\count302
)
\@linkdim=\dimen267
\Hy@linkcounter=\count303
\Hy@pagecounter=\count304
<<<<<<< HEAD
 (C:\Users\Games\AppData\Local\Programs\MiKTeX\tex/latex/hyperref\pd1enc.def
File: pd1enc.def 2023-11-26 v7.01g Hyperref: PDFDocEncoding definition (HO)
Now handling font encoding PD1 ...
... no UTF-8 mapping file for font encoding PD1
) (C:\Users\Games\AppData\Local\Programs\MiKTeX\tex/generic/intcalc\intcalc.sty
Package: intcalc 2019/12/15 v1.3 Expandable calculations with integers (HO)
)
\Hy@SavedSpaceFactor=\count305
 (C:\Users\Games\AppData\Local\Programs\MiKTeX\tex/latex/hyperref\puenc.def
=======
 (C:\Users\abadr\AppData\Local\Programs\MiKTeX\tex/latex/hyperref\pd1enc.def
File: pd1enc.def 2023-11-26 v7.01g Hyperref: PDFDocEncoding definition (HO)
Now handling font encoding PD1 ...
... no UTF-8 mapping file for font encoding PD1
) (C:\Users\abadr\AppData\Local\Programs\MiKTeX\tex/generic/intcalc\intcalc.sty
Package: intcalc 2019/12/15 v1.3 Expandable calculations with integers (HO)
)
\Hy@SavedSpaceFactor=\count305
 (C:\Users\abadr\AppData\Local\Programs\MiKTeX\tex/latex/hyperref\puenc.def
>>>>>>> a2954fc6b3abb5ae74b3a6991b86ce8aa089a5f3
File: puenc.def 2023-11-26 v7.01g Hyperref: PDF Unicode definition (HO)
Now handling font encoding PU ...
... no UTF-8 mapping file for font encoding PU
)
Package hyperref Info: Option `colorlinks' set `true' on input line 4064.
Package hyperref Info: Hyper figures OFF on input line 4181.
Package hyperref Info: Link nesting OFF on input line 4186.
Package hyperref Info: Hyper index ON on input line 4189.
Package hyperref Info: Plain pages OFF on input line 4196.
Package hyperref Info: Backreferencing OFF on input line 4201.
Package hyperref Info: Implicit mode ON; LaTeX internals redefined.
Package hyperref Info: Bookmarks ON on input line 4448.
\c@Hy@tempcnt=\count306
<<<<<<< HEAD
 (C:\Users\Games\AppData\Local\Programs\MiKTeX\tex/latex/url\url.sty
=======
 (C:\Users\abadr\AppData\Local\Programs\MiKTeX\tex/latex/url\url.sty
>>>>>>> a2954fc6b3abb5ae74b3a6991b86ce8aa089a5f3
\Urlmuskip=\muskip17
Package: url 2013/09/16  ver 3.4  Verb mode for urls, etc.
)
LaTeX Info: Redefining \url on input line 4786.
\XeTeXLinkMargin=\dimen268
<<<<<<< HEAD
 (C:\Users\Games\AppData\Local\Programs\MiKTeX\tex/generic/bitset\bitset.sty
Package: bitset 2019/12/09 v1.3 Handle bit-vector datatype (HO)
 (C:\Users\Games\AppData\Local\Programs\MiKTeX\tex/generic/bigintcalc\bigintcalc.sty
=======
 (C:\Users\abadr\AppData\Local\Programs\MiKTeX\tex/generic/bitset\bitset.sty
Package: bitset 2019/12/09 v1.3 Handle bit-vector datatype (HO)
 (C:\Users\abadr\AppData\Local\Programs\MiKTeX\tex/generic/bigintcalc\bigintcalc.sty
>>>>>>> a2954fc6b3abb5ae74b3a6991b86ce8aa089a5f3
Package: bigintcalc 2019/12/15 v1.5 Expandable calculations on big integers (HO)
))
\Fld@menulength=\count307
\Field@Width=\dimen269
\Fld@charsize=\dimen270
Package hyperref Info: Hyper figures OFF on input line 6065.
Package hyperref Info: Link nesting OFF on input line 6070.
Package hyperref Info: Hyper index ON on input line 6073.
Package hyperref Info: backreferencing OFF on input line 6080.
Package hyperref Info: Link coloring ON on input line 6083.
Package hyperref Info: Link coloring with OCG OFF on input line 6090.
Package hyperref Info: PDF/A mode OFF on input line 6095.
<<<<<<< HEAD
 (C:\Users\Games\AppData\Local\Programs\MiKTeX\tex/latex/base\atbegshi-ltx.sty
=======
 (C:\Users\abadr\AppData\Local\Programs\MiKTeX\tex/latex/base\atbegshi-ltx.sty
>>>>>>> a2954fc6b3abb5ae74b3a6991b86ce8aa089a5f3
Package: atbegshi-ltx 2021/01/10 v1.0c Emulation of the original atbegshi
package with kernel methods
)
\Hy@abspage=\count308
\c@Item=\count309
\c@Hfootnote=\count310
)
Package hyperref Info: Driver (autodetected): hpdftex.
<<<<<<< HEAD
 (C:\Users\Games\AppData\Local\Programs\MiKTeX\tex/latex/hyperref\hpdftex.def
File: hpdftex.def 2023-11-26 v7.01g Hyperref driver for pdfTeX
 (C:\Users\Games\AppData\Local\Programs\MiKTeX\tex/latex/base\atveryend-ltx.sty
=======
 (C:\Users\abadr\AppData\Local\Programs\MiKTeX\tex/latex/hyperref\hpdftex.def
File: hpdftex.def 2023-11-26 v7.01g Hyperref driver for pdfTeX
 (C:\Users\abadr\AppData\Local\Programs\MiKTeX\tex/latex/base\atveryend-ltx.sty
>>>>>>> a2954fc6b3abb5ae74b3a6991b86ce8aa089a5f3
Package: atveryend-ltx 2020/08/19 v1.0a Emulation of the original atveryend package
with kernel methods
)
\Fld@listcount=\count311
\c@bookmark@seq@number=\count312
<<<<<<< HEAD
 (C:\Users\Games\AppData\Local\Programs\MiKTeX\tex/latex/rerunfilecheck\rerunfilecheck.sty
Package: rerunfilecheck 2025-06-21 v1.11 Rerun checks for auxiliary files (HO)
 (C:\Users\Games\AppData\Local\Programs\MiKTeX\tex/generic/uniquecounter\uniquecounter.sty
=======
 (C:\Users\abadr\AppData\Local\Programs\MiKTeX\tex/latex/rerunfilecheck\rerunfilecheck.sty
Package: rerunfilecheck 2025-06-21 v1.11 Rerun checks for auxiliary files (HO)
 (C:\Users\abadr\AppData\Local\Programs\MiKTeX\tex/generic/uniquecounter\uniquecounter.sty
>>>>>>> a2954fc6b3abb5ae74b3a6991b86ce8aa089a5f3
Package: uniquecounter 2019/12/15 v1.4 Provide unlimited unique counter (HO)
)
Package uniquecounter Info: New unique counter `rerunfilecheck' on input line 284.
)
\Hy@SectionHShift=\skip53
)
LaTeX Font Info:    Trying to load font information for OT1+lmss on input line 15.
<<<<<<< HEAD
 (C:\Users\Games\AppData\Local\Programs\MiKTeX\tex/latex/lm\ot1lmss.fd
File: ot1lmss.fd 2015/05/01 v1.6.1 Font defs for Latin Modern
) (C:\Users\Games\AppData\Local\Programs\MiKTeX\tex/latex/l3backend\l3backend-pdftex.def
=======
 (C:\Users\abadr\AppData\Local\Programs\MiKTeX\tex/latex/lm\ot1lmss.fd
File: ot1lmss.fd 2015/05/01 v1.6.1 Font defs for Latin Modern
) (C:\Users\abadr\AppData\Local\Programs\MiKTeX\tex/latex/l3backend\l3backend-pdftex.def
>>>>>>> a2954fc6b3abb5ae74b3a6991b86ce8aa089a5f3
File: l3backend-pdftex.def 2024-01-04 L3 backend support: PDF output (pdfTeX)
\l__color_backend_stack_int=\count313
\l__pdf_internal_box=\box66
) (Practica.aux
LaTeX Info: Redefining \. on input line 11.
LaTeX Info: Redefining \% on input line 11.
)
\openout1 = `Practica.aux'.

LaTeX Font Info:    Checking defaults for OML/cmm/m/it on input line 15.
LaTeX Font Info:    ... okay on input line 15.
LaTeX Font Info:    Checking defaults for OMS/cmsy/m/n on input line 15.
LaTeX Font Info:    ... okay on input line 15.
LaTeX Font Info:    Checking defaults for OT1/cmr/m/n on input line 15.
LaTeX Font Info:    ... okay on input line 15.
LaTeX Font Info:    Checking defaults for T1/cmr/m/n on input line 15.
LaTeX Font Info:    ... okay on input line 15.
LaTeX Font Info:    Checking defaults for TS1/cmr/m/n on input line 15.
LaTeX Font Info:    ... okay on input line 15.
LaTeX Font Info:    Checking defaults for OMX/cmex/m/n on input line 15.
LaTeX Font Info:    ... okay on input line 15.
LaTeX Font Info:    Checking defaults for U/cmr/m/n on input line 15.
LaTeX Font Info:    ... okay on input line 15.
LaTeX Font Info:    Checking defaults for PD1/pdf/m/n on input line 15.
LaTeX Font Info:    ... okay on input line 15.
LaTeX Font Info:    Checking defaults for PU/pdf/m/n on input line 15.
LaTeX Font Info:    ... okay on input line 15.
<<<<<<< HEAD
 (C:\Users\Games\AppData\Local\Programs\MiKTeX\tex/context/base/mkii\supp-pdf.mkii
=======
 (C:\Users\abadr\AppData\Local\Programs\MiKTeX\tex/context/base/mkii\supp-pdf.mkii
>>>>>>> a2954fc6b3abb5ae74b3a6991b86ce8aa089a5f3
[Loading MPS to PDF converter (version 2006.09.02).]
\scratchcounter=\count314
\scratchdimen=\dimen271
\scratchbox=\box67
\nofMPsegments=\count315
\nofMParguments=\count316
\everyMPshowfont=\toks39
\MPscratchCnt=\count317
\MPscratchDim=\dimen272
\MPnumerator=\count318
\makeMPintoPDFobject=\count319
\everyMPtoPDFconversion=\toks40
<<<<<<< HEAD
) (C:\Users\Games\AppData\Local\Programs\MiKTeX\tex/latex/epstopdf-pkg\epstopdf-base.sty
Package: epstopdf-base 2020-01-24 v2.11 Base part for package epstopdf
Package epstopdf-base Info: Redefining graphics rule for `.eps' on input line 485.
 (C:\Users\Games\AppData\Local\Programs\MiKTeX\tex/latex/00miktex\epstopdf-sys.cfg
=======
) (C:\Users\abadr\AppData\Local\Programs\MiKTeX\tex/latex/epstopdf-pkg\epstopdf-base.sty
Package: epstopdf-base 2020-01-24 v2.11 Base part for package epstopdf
Package epstopdf-base Info: Redefining graphics rule for `.eps' on input line 485.
 (C:\Users\abadr\AppData\Local\Programs\MiKTeX\tex/latex/00miktex\epstopdf-sys.cfg
>>>>>>> a2954fc6b3abb5ae74b3a6991b86ce8aa089a5f3
File: epstopdf-sys.cfg 2021/03/18 v2.0 Configuration of epstopdf for MiKTeX
))
LaTeX Info: Redefining \. on input line 15.
LaTeX Info: Redefining \% on input line 15.

*geometry* driver: auto-detecting
*geometry* detected driver: pdftex
*geometry* verbose mode - [ preamble ] result:
* driver: pdftex
* paper: <default>
* layout: <same size as paper>
* layoutoffset:(h,v)=(0.0pt,0.0pt)
* modes: 
* h-part:(L,W,R)=(92.14519pt, 430.00462pt, 92.14519pt)
* v-part:(T,H,B)=(95.39737pt, 556.47656pt, 143.09605pt)
* \paperwidth=614.295pt
* \paperheight=794.96999pt
* \textwidth=430.00462pt
* \textheight=556.47656pt
* \oddsidemargin=19.8752pt
* \evensidemargin=19.8752pt
* \topmargin=-13.87262pt
* \headheight=12.0pt
* \headsep=25.0pt
* \topskip=12.0pt
* \footskip=30.0pt
* \marginparwidth=44.0pt
* \marginparsep=10.0pt
* \columnsep=10.0pt
* \skip\footins=10.8pt plus 4.0pt minus 2.0pt
* \hoffset=0.0pt
* \voffset=0.0pt
* \mag=1000
* \@twocolumnfalse
* \@twosidefalse
* \@mparswitchfalse
* \@reversemarginfalse
* (1in=72.27pt=25.4mm, 1cm=28.453pt)

Package hyperref Info: Link coloring ON on input line 15.
(Practica.out) (Practica.out)
\@outlinefile=\write4
\openout4 = `Practica.out'.

*geometry* verbose mode - [ newgeometry ] result:
* driver: pdftex
* paper: <default>
* layout: <same size as paper>
* layoutoffset:(h,v)=(0.0pt,0.0pt)
* modes: 
* h-part:(L,W,R)=(56.9055pt, 528.93675pt, 28.45274pt)
* v-part:(T,H,B)=(56.9055pt, 681.15898pt, 56.9055pt)
* \paperwidth=614.295pt
* \paperheight=794.96999pt
* \textwidth=528.93675pt
* \textheight=681.15898pt
* \oddsidemargin=-15.36449pt
* \evensidemargin=-15.36449pt
* \topmargin=-52.36449pt
* \headheight=12.0pt
* \headsep=25.0pt
* \topskip=12.0pt
* \footskip=30.0pt
* \marginparwidth=44.0pt
* \marginparsep=10.0pt
* \columnsep=10.0pt
* \skip\footins=10.8pt plus 4.0pt minus 2.0pt
* \hoffset=0.0pt
* \voffset=0.0pt
* \mag=1000
* \@twocolumnfalse
* \@twosidefalse
* \@mparswitchfalse
* \@reversemarginfalse
* (1in=72.27pt=25.4mm, 1cm=28.453pt)


Underfull \hbox (badness 10000) in paragraph at lines 50--51
[]\OT1/lmss/m/n/17.28 ESCUELA SU-PE-RIOR DE
 []

LaTeX Font Info:    Trying to load font information for OT1+lmr on input line 51.
<<<<<<< HEAD
(C:\Users\Games\AppData\Local\Programs\MiKTeX\tex/latex/lm\ot1lmr.fd
File: ot1lmr.fd 2015/05/01 v1.6.1 Font defs for Latin Modern
)
LaTeX Font Info:    Trying to load font information for OML+lmm on input line 51.
 (C:\Users\Games\AppData\Local\Programs\MiKTeX\tex/latex/lm\omllmm.fd
File: omllmm.fd 2015/05/01 v1.6.1 Font defs for Latin Modern
)
LaTeX Font Info:    Trying to load font information for OMS+lmsy on input line 51.
 (C:\Users\Games\AppData\Local\Programs\MiKTeX\tex/latex/lm\omslmsy.fd
File: omslmsy.fd 2015/05/01 v1.6.1 Font defs for Latin Modern
)
LaTeX Font Info:    Trying to load font information for OMX+lmex on input line 51.
 (C:\Users\Games\AppData\Local\Programs\MiKTeX\tex/latex/lm\omxlmex.fd
=======
(C:\Users\abadr\AppData\Local\Programs\MiKTeX\tex/latex/lm\ot1lmr.fd
File: ot1lmr.fd 2015/05/01 v1.6.1 Font defs for Latin Modern
)
LaTeX Font Info:    Trying to load font information for OML+lmm on input line 51.
 (C:\Users\abadr\AppData\Local\Programs\MiKTeX\tex/latex/lm\omllmm.fd
File: omllmm.fd 2015/05/01 v1.6.1 Font defs for Latin Modern
)
LaTeX Font Info:    Trying to load font information for OMS+lmsy on input line 51.
 (C:\Users\abadr\AppData\Local\Programs\MiKTeX\tex/latex/lm\omslmsy.fd
File: omslmsy.fd 2015/05/01 v1.6.1 Font defs for Latin Modern
)
LaTeX Font Info:    Trying to load font information for OMX+lmex on input line 51.
 (C:\Users\abadr\AppData\Local\Programs\MiKTeX\tex/latex/lm\omxlmex.fd
>>>>>>> a2954fc6b3abb5ae74b3a6991b86ce8aa089a5f3
File: omxlmex.fd 2015/05/01 v1.6.1 Font defs for Latin Modern
)
LaTeX Font Info:    External font `lmex10' loaded for size
(Font)              <12> on input line 51.
LaTeX Font Info:    External font `lmex10' loaded for size
(Font)              <8> on input line 51.
LaTeX Font Info:    External font `lmex10' loaded for size
(Font)              <6> on input line 51.
 [1


<<<<<<< HEAD
{C:/Users/Games/AppData/Local/MiKTeX/fonts/map/pdftex/pdftex.map}{C:/Users/Games/AppData/Local/Programs/MiKTeX/fonts/enc/dvips/lm/lm-rm.enc}] (Practica.toc
=======
{C:/Users/abadr/AppData/Local/MiKTeX/fonts/map/pdftex/pdftex.map}{C:/Users/abadr/AppData/Local/Programs/MiKTeX/fonts/enc/dvips/lm/lm-rm.enc}] (Practica.toc
>>>>>>> a2954fc6b3abb5ae74b3a6991b86ce8aa089a5f3
LaTeX Info: Redefining \. on input line 1.
LaTeX Info: Redefining \% on input line 1.
)
\tf@toc=\write5
\openout5 = `Practica.toc'.


pdfTeX warning (ext4): destination with the same identifier (name{page.1}) has been already used, duplicate ignored
<to be read again> 
                   \relax 
l.69 \newpage
              [1] [2]
LaTeX Font Info:    Trying to load font information for OT1+lmtt on input line 109.
<<<<<<< HEAD
 (C:\Users\Games\AppData\Local\Programs\MiKTeX\tex/latex/lm\ot1lmtt.fd
File: ot1lmtt.fd 2015/05/01 v1.6.1 Font defs for Latin Modern
) [3{C:/Users/Games/AppData/Local/Programs/MiKTeX/fonts/enc/dvips/lm/lm-rmtt.enc}] [4]
=======
 (C:\Users\abadr\AppData\Local\Programs\MiKTeX\tex/latex/lm\ot1lmtt.fd
File: ot1lmtt.fd 2015/05/01 v1.6.1 Font defs for Latin Modern
) [3{C:/Users/abadr/AppData/Local/Programs/MiKTeX/fonts/enc/dvips/lm/lm-rmtt.enc}] [4]
>>>>>>> a2954fc6b3abb5ae74b3a6991b86ce8aa089a5f3
<Imagenes/uml1.png, id=75, 807.61725pt x 532.99126pt>
File: Imagenes/uml1.png Graphic file (type png)
<use Imagenes/uml1.png>
Package pdftex.def Info: Imagenes/uml1.png  used on input line 154.
(pdftex.def)             Requested size: 430.00462pt x 283.78526pt.
 [5]
<Imagenes/uml2.png, id=81, 743.02594pt x 578.16pt>
File: Imagenes/uml2.png Graphic file (type png)
<use Imagenes/uml2.png>
Package pdftex.def Info: Imagenes/uml2.png  used on input line 159.
(pdftex.def)             Requested size: 430.00462pt x 334.6008pt.
<<<<<<< HEAD
 [6 <./Imagenes/uml1.png>] [7 <./Imagenes/uml2.png>]
LaTeX Font Info:    Font shape `OT1/lmtt/bx/n' in size <12> not available
(Font)              Font shape `OT1/lmtt/b/n' tried instead on input line 177.

Overfull \hbox (14.72273pt too wide) in paragraph at lines 180--181
[]\OT1/lmss/bx/n/12 Configuraci^^Son\OT1/lmss/m/n/12 : Es-ta-ble-ce la co-ne-xi[]on con la ba-se de da-tos. Se de-fi-ne la \OT1/lmtt/m/n/12 DATABASE[]URL
 []

LaTeX Font Info:    Font shape `OT1/lmss/m/it' in size <12> not available
(Font)              Font shape `OT1/lmss/m/sl' tried instead on input line 182.
<Imagenes/modelo1-LibroAutorLink.png, id=94, 560.0925pt x 163.812pt>
File: Imagenes/modelo1-LibroAutorLink.png Graphic file (type png)
<use Imagenes/modelo1-LibroAutorLink.png>
Package pdftex.def Info: Imagenes/modelo1-LibroAutorLink.png  used on input line 195.
(pdftex.def)             Requested size: 387.00153pt x 113.19286pt.
[8]
<Imagenes/modelo1-LibroCategoriaLink.png, id=103, 596.82974pt x 151.16475pt>
File: Imagenes/modelo1-LibroCategoriaLink.png Graphic file (type png)
<use Imagenes/modelo1-LibroCategoriaLink.png>
Package pdftex.def Info: Imagenes/modelo1-LibroCategoriaLink.png  used on input line 200.
(pdftex.def)             Requested size: 387.00153pt x 98.02063pt.
<Imagenes/modelo1-categoria.png, id=104, 604.05675pt x 221.02576pt>
File: Imagenes/modelo1-categoria.png Graphic file (type png)
<use Imagenes/modelo1-categoria.png>
Package pdftex.def Info: Imagenes/modelo1-categoria.png  used on input line 204.
(pdftex.def)             Requested size: 387.00153pt x 141.60776pt.
<Imagenes/modelo1-direccion.png, id=105, 473.3685pt x 208.3785pt>
File: Imagenes/modelo1-direccion.png Graphic file (type png)
<use Imagenes/modelo1-direccion.png>
Package pdftex.def Info: Imagenes/modelo1-direccion.png  used on input line 208.
(pdftex.def)             Requested size: 387.00153pt x 170.3659pt.
 [9 <./Imagenes/modelo1-LibroAutorLink.png> <./Imagenes/modelo1-LibroCategoriaLink.png> <./Imagenes/modelo1-categoria.png>]
<Imagenes/modelo1-editorial.png, id=113, 507.0945pt x 208.98074pt>
File: Imagenes/modelo1-editorial.png Graphic file (type png)
<use Imagenes/modelo1-editorial.png>
Package pdftex.def Info: Imagenes/modelo1-editorial.png  used on input line 212.
(pdftex.def)             Requested size: 387.00153pt x 159.49664pt.
<Imagenes/modelo1-publico.png, id=114, 489.62926pt x 134.30174pt>
File: Imagenes/modelo1-publico.png Graphic file (type png)
<use Imagenes/modelo1-publico.png>
Package pdftex.def Info: Imagenes/modelo1-publico.png  used on input line 216.
(pdftex.def)             Requested size: 387.00153pt x 106.15048pt.
<Imagenes/modelo1-serie.png, id=115, 482.40225pt x 131.2905pt>
File: Imagenes/modelo1-serie.png Graphic file (type png)
<use Imagenes/modelo1-serie.png>
Package pdftex.def Info: Imagenes/modelo1-serie.png  used on input line 220.
(pdftex.def)             Requested size: 387.00153pt x 105.33102pt.
 [10 <./Imagenes/modelo1-direccion.png> <./Imagenes/modelo1-editorial.png> <./Imagenes/modelo1-publico.png>]
<Imagenes/modelo1-autor.png, id=123, 579.96675pt x 160.1985pt>
File: Imagenes/modelo1-autor.png Graphic file (type png)
<use Imagenes/modelo1-autor.png>
Package pdftex.def Info: Imagenes/modelo1-autor.png  used on input line 224.
(pdftex.def)             Requested size: 387.00153pt x 106.9022pt.

Overfull \hbox (22.15076pt too wide) in paragraph at lines 226--229
\OT1/lmss/m/n/12 con \OT1/lmtt/m/n/12 Autor \OT1/lmss/m/n/12 y \OT1/lmtt/m/n/12 Categoria\OT1/lmss/m/n/12 , y re-la-cio-nes uno a mu-chos con \OT1/lmtt/m/n/12 Editorial\OT1/lmss/m/n/12 , \OT1/lmtt/m/n/12 PublicoObjetivo
 []

<Imagenes/modelo1-libro.png, id=124, 390.258pt x 522.15076pt>
File: Imagenes/modelo1-libro.png Graphic file (type png)
<use Imagenes/modelo1-libro.png>
Package pdftex.def Info: Imagenes/modelo1-libro.png  used on input line 230.
(pdftex.def)             Requested size: 387.00153pt x 517.7993pt.
[11 <./Imagenes/modelo1-serie.png> <./Imagenes/modelo1-autor.png>] [12 <./Imagenes/modelo1-libro.png>]
<Imagenes/Esquemas 1.png, id=137, 275.8305pt x 495.65175pt>
File: Imagenes/Esquemas 1.png Graphic file (type png)
<use Imagenes/Esquemas 1.png>
Package pdftex.def Info: Imagenes/Esquemas 1.png  used on input line 248.
(pdftex.def)             Requested size: 430.00462pt x 772.73714pt.
 [13]
Overfull \vbox (216.26057pt too high) has occurred while \output is active []

 [14 <./Imagenes/Esquemas 1.png>]
<Imagenes/Esquemas 2.png, id=148, 331.2375pt x 525.162pt>
File: Imagenes/Esquemas 2.png Graphic file (type png)
<use Imagenes/Esquemas 2.png>
Package pdftex.def Info: Imagenes/Esquemas 2.png  used on input line 253.
(pdftex.def)             Requested size: 430.00462pt x 681.789pt.

Overfull \vbox (125.31244pt too high) has occurred while \output is active []

 [15 <./Imagenes/Esquemas 2.png>]
<Imagenes/Esquemas 3.png, id=154, 361.35pt x 521.5485pt>
File: Imagenes/Esquemas 3.png Graphic file (type png)
<use Imagenes/Esquemas 3.png>
Package pdftex.def Info: Imagenes/Esquemas 3.png  used on input line 258.
(pdftex.def)             Requested size: 430.00462pt x 620.64244pt.

Overfull \vbox (64.16588pt too high) has occurred while \output is active []

 [16 <./Imagenes/Esquemas 3.png>]
<Imagenes/servicios1.png, id=160, 407.121pt x 347.49825pt>
File: Imagenes/servicios1.png Graphic file (type png)
<use Imagenes/servicios1.png>
Package pdftex.def Info: Imagenes/servicios1.png  used on input line 271.
(pdftex.def)             Requested size: 344.005pt x 293.641pt.
<Imagenes/servicios62.png, id=161, 476.37975pt x 419.166pt>
File: Imagenes/servicios62.png Graphic file (type png)
<use Imagenes/servicios62.png>
Package pdftex.def Info: Imagenes/servicios62.png  used on input line 276.
(pdftex.def)             Requested size: 301.00192pt x 264.84988pt.
<Imagenes/servicios63.png, id=162, 488.42474pt x 434.8245pt>
File: Imagenes/servicios63.png Graphic file (type png)
<use Imagenes/servicios63.png>
Package pdftex.def Info: Imagenes/servicios63.png  used on input line 280.
(pdftex.def)             Requested size: 301.00192pt x 267.9761pt.
 [17 <./Imagenes/servicios1.png>]
<Imagenes/creacion_libro1.png, id=169, 513.71925pt x 470.9595pt>
File: Imagenes/creacion_libro1.png Graphic file (type png)
<use Imagenes/creacion_libro1.png>
Package pdftex.def Info: Imagenes/creacion_libro1.png  used on input line 286.
(pdftex.def)             Requested size: 301.00192pt x 275.95934pt.
 [18 <./Imagenes/servicios62.png> <./Imagenes/servicios63.png>]
<Imagenes/creacion_libro2.png, id=177, 430.60875pt x 328.8285pt>
File: Imagenes/creacion_libro2.png Graphic file (type png)
<use Imagenes/creacion_libro2.png>
Package pdftex.def Info: Imagenes/creacion_libro2.png  used on input line 290.
(pdftex.def)             Requested size: 301.00192pt x 229.86227pt.
 [19 <./Imagenes/creacion_libro1.png>]
<Imagenes/rutas_autores.png, id=183, 340.27126pt x 438.438pt>
File: Imagenes/rutas_autores.png Graphic file (type png)
<use Imagenes/rutas_autores.png>
Package pdftex.def Info: Imagenes/rutas_autores.png  used on input line 302.
(pdftex.def)             Requested size: 301.00192pt x 387.86038pt.
 [20 <./Imagenes/creacion_libro2.png>]
<Imagenes/rutas_Editora.png, id=189, 380.622pt x 549.85425pt>
File: Imagenes/rutas_Editora.png Graphic file (type png)
<use Imagenes/rutas_Editora.png>
Package pdftex.def Info: Imagenes/rutas_Editora.png  used on input line 306.
(pdftex.def)             Requested size: 301.00192pt x 434.85832pt.
 [21 <./Imagenes/rutas_autores.png>]
<Imagenes/rutas_publico.png, id=195, 428.19975pt x 289.08pt>
File: Imagenes/rutas_publico.png Graphic file (type png)
<use Imagenes/rutas_publico.png>
Package pdftex.def Info: Imagenes/rutas_publico.png  used on input line 310.
(pdftex.def)             Requested size: 301.00192pt x 203.21034pt.
 [22 <./Imagenes/rutas_Editora.png>]
<Imagenes/rutas_Series.png, id=201, 467.94826pt x 332.442pt>
File: Imagenes/rutas_Series.png Graphic file (type png)
<use Imagenes/rutas_Series.png>
Package pdftex.def Info: Imagenes/rutas_Series.png  used on input line 313.
(pdftex.def)             Requested size: 301.00192pt x 213.84262pt.
<Imagenes/rutas_categorias.png, id=202, 435.42674pt x 504.08325pt>
File: Imagenes/rutas_categorias.png Graphic file (type png)
<use Imagenes/rutas_categorias.png>
Package pdftex.def Info: Imagenes/rutas_categorias.png  used on input line 317.
(pdftex.def)             Requested size: 301.00192pt x 348.4716pt.
 [23 <./Imagenes/rutas_publico.png> <./Imagenes/rutas_Series.png>]
<Imagenes/rutas_libros1.png, id=209, 475.7775pt x 347.49825pt>
File: Imagenes/rutas_libros1.png Graphic file (type png)
<use Imagenes/rutas_libros1.png>
Package pdftex.def Info: Imagenes/rutas_libros1.png  used on input line 321.
(pdftex.def)             Requested size: 301.00192pt x 219.85295pt.
 [24 <./Imagenes/rutas_categorias.png>]
<Imagenes/rutas_libros2.png, id=216, 449.2785pt x 495.0495pt>
File: Imagenes/rutas_libros2.png Graphic file (type png)
<use Imagenes/rutas_libros2.png>
Package pdftex.def Info: Imagenes/rutas_libros2.png  used on input line 324.
(pdftex.def)             Requested size: 301.00192pt x 331.68143pt.
 [25 <./Imagenes/rutas_libros1.png>]
<Imagenes/rutas_libros3.png, id=222, 380.01974pt x 528.7755pt>
File: Imagenes/rutas_libros3.png Graphic file (type png)
<use Imagenes/rutas_libros3.png>
Package pdftex.def Info: Imagenes/rutas_libros3.png  used on input line 327.
(pdftex.def)             Requested size: 301.00192pt x 418.84152pt.
 [26 <./Imagenes/rutas_libros2.png>]
<Imagenes/rutas_libros4.png, id=228, 383.63326pt x 245.11575pt>
File: Imagenes/rutas_libros4.png Graphic file (type png)
<use Imagenes/rutas_libros4.png>
Package pdftex.def Info: Imagenes/rutas_libros4.png  used on input line 330.
(pdftex.def)             Requested size: 301.00192pt x 192.32277pt.
 [27 <./Imagenes/rutas_libros3.png>] [28 <./Imagenes/rutas_libros4.png>]
LaTeX Font Info:    Trying to load font information for TS1+lmss on input line 344.
 (C:\Users\Games\AppData\Local\Programs\MiKTeX\tex/latex/lm\ts1lmss.fd
File: ts1lmss.fd 2015/05/01 v1.6.1 Font defs for Latin Modern
)
Underfull \hbox (badness 1014) in paragraph at lines 348--349
\OT1/lmss/m/n/12 cu-pe-ra-do el 31 de oc-tu-bre de 2025, de [][]$\OT1/lmtt/m/n/12 https : / / dev . to / ankitjaininfo /
 []

[29{C:/Users/Games/AppData/Local/Programs/MiKTeX/fonts/enc/dvips/lm/lm-ts1.enc}] (Practica.aux
=======
 [6 <./Imagenes/uml1.png>]
LaTeX Font Info:    Font shape `OT1/lmtt/bx/n' in size <12> not available
(Font)              Font shape `OT1/lmtt/b/n' tried instead on input line 167.

Overfull \hbox (14.72273pt too wide) in paragraph at lines 171--172
[]\OT1/lmss/bx/n/12 Configuraci^^Son\OT1/lmss/m/n/12 : Es-ta-ble-ce la co-ne-xi[]on con la ba-se de da-tos. Se de-fi-ne la \OT1/lmtt/m/n/12 DATABASE[]URL
 []

[7 <./Imagenes/uml2.png>]
LaTeX Font Info:    Font shape `OT1/lmss/m/it' in size <12> not available
(Font)              Font shape `OT1/lmss/m/sl' tried instead on input line 173.
 [8]
LaTeX Font Info:    Trying to load font information for TS1+lmss on input line 203.
 (C:\Users\abadr\AppData\Local\Programs\MiKTeX\tex/latex/lm\ts1lmss.fd
File: ts1lmss.fd 2015/05/01 v1.6.1 Font defs for Latin Modern
)
Underfull \hbox (badness 1014) in paragraph at lines 207--208
\OT1/lmss/m/n/12 cu-pe-ra-do el 31 de oc-tu-bre de 2025, de [][]$\OT1/lmtt/m/n/12 https : / / dev . to / ankitjaininfo /
 []

[9{C:/Users/abadr/AppData/Local/Programs/MiKTeX/fonts/enc/dvips/lm/lm-ts1.enc}] (Practica.aux
>>>>>>> a2954fc6b3abb5ae74b3a6991b86ce8aa089a5f3
LaTeX Info: Redefining \. on input line 11.
LaTeX Info: Redefining \% on input line 11.
)
 ***********
LaTeX2e <2023-11-01> patch level 1
L3 programming layer <2024-01-04>
 ***********
Package rerunfilecheck Info: File `Practica.out' has not changed.
<<<<<<< HEAD
(rerunfilecheck)             Checksum: B8A6B9816C6401B64AD5F8991FBE399F;577.
 ) 
Here is how much of TeX's memory you used:
 22039 strings out of 474486
 416036 string characters out of 5743755
 1935542 words of memory out of 5000000
 43891 multiletter control sequences out of 15000+600000
 600408 words of font info for 61 fonts, out of 8000000 for 9000
 1141 hyphenation exceptions out of 8191
 84i,7n,87p,622b,602s stack positions out of 10000i,1000n,20000p,200000b,200000s
<C:/Users/Games/AppData/Local/Programs/MiKTeX/fonts/type1/public/lm/lmss12.pfb><C:/Users/Games/AppData/Local/Programs/MiKTeX/fonts/type1/public/lm/lmss17.pfb><C:/Users/Games/AppData/Local/Programs/MiKTeX/fonts/type1/public/lm/lmss8.pfb><C:/Users/Games/AppData/Local/Programs/MiKTeX/fonts/type1/public/lm/lmssbx10.pfb><C:/Users/Games/AppData/Local/Programs/MiKTeX/fonts/type1/public/lm/lmsso12.pfb><C:/Users/Games/AppData/Local/Programs/MiKTeX/fonts/type1/public/lm/lmtk10.pfb><C:/Users/Games/AppData/Local/Programs/MiKTeX/fonts/type1/public/lm/lmtt12.pfb>
Output written on Practica.pdf (30 pages, 1610141 bytes).
PDF statistics:
 310 PDF objects out of 1000 (max. 8388607)
 57 named destinations out of 1000 (max. 500000)
 193 words of extra memory for PDF output out of 10000 (max. 10000000)
=======
(rerunfilecheck)             Checksum: 08A93315624BE3FFADFAD8EDEA4A94A8;577.
 ) 
Here is how much of TeX's memory you used:
 21832 strings out of 474486
 409547 string characters out of 5743754
 1935542 words of memory out of 5000000
 43706 multiletter control sequences out of 15000+600000
 600408 words of font info for 61 fonts, out of 8000000 for 9000
 1141 hyphenation exceptions out of 8191
 84i,6n,87p,614b,577s stack positions out of 10000i,1000n,20000p,200000b,200000s
<C:/Users/abadr/AppData/Local/Programs/MiKTeX/fonts/type1/public/lm/lmss12.pfb><C:/Users/abadr/AppData/Local/Programs/MiKTeX/fonts/type1/public/lm/lmss17.pfb><C:/Users/abadr/AppData/Local/Programs/MiKTeX/fonts/type1/public/lm/lmss8.pfb><C:/Users/abadr/AppData/Local/Programs/MiKTeX/fonts/type1/public/lm/lmssbx10.pfb><C:/Users/abadr/AppData/Local/Programs/MiKTeX/fonts/type1/public/lm/lmsso12.pfb><C:/Users/abadr/AppData/Local/Programs/MiKTeX/fonts/type1/public/lm/lmtk10.pfb><C:/Users/abadr/AppData/Local/Programs/MiKTeX/fonts/type1/public/lm/lmtt12.pfb>
Output written on Practica.pdf (10 pages, 414390 bytes).
PDF statistics:
 167 PDF objects out of 1000 (max. 8388607)
 35 named destinations out of 1000 (max. 500000)
 63 words of extra memory for PDF output out of 10000 (max. 10000000)
>>>>>>> a2954fc6b3abb5ae74b3a6991b86ce8aa089a5f3

